<?xml version="1.0" encoding="UTF-8"?>
<!-- Generated by org.testng.reporters.JUnitReportReporter -->
<testsuite hostname="DESKTOP-1T18TH9" failures="0" tests="2" name="runner.LoginRunner" time="15.765" errors="0" timestamp="2024-02-01T18:31:41 IST" skipped="0">
  <testcase classname="runner.LoginRunner" name="runScenario" time="7.870"/>
  <testcase classname="runner.LoginRunner" name="runScenario" time="7.895"/>
</testsuite> <!-- runner.LoginRunner -->
